Arguments: 
  /Users/raheem/.nvm/versions/node/v16.15.1/bin/node /Users/raheem/.nvm/versions/node/v16.15.1/bin/yarn build --watch

PATH: 
  ./bin:./node_modules/.bin:/Users/raheem/.nvm/versions/node/v16.15.1/bin:/Users/raheem/.rbenv/shims:/Users/raheem/.rbenv/bin:/opt/homebrew/bin:/opt/homebrew/sbin:/Users/raheem/.pyenv/bin:/usr/local/bin:/usr/bin:/bin:/usr/sbin:/sbin:/usr/local/sbin

Yarn version: 
  1.22.19

Node version: 
  16.15.1

Platform: 
  darwin x64

Trace: 
  SyntaxError: /Users/raheem/code/Ral225/SIMPO/package.json: Unexpected end of JSON input
      at JSON.parse (<anonymous>)
      at /Users/raheem/.nvm/versions/node/v16.15.1/lib/node_modules/yarn/lib/cli.js:1629:59
      at Generator.next (<anonymous>)
      at step (/Users/raheem/.nvm/versions/node/v16.15.1/lib/node_modules/yarn/lib/cli.js:310:30)
      at /Users/raheem/.nvm/versions/node/v16.15.1/lib/node_modules/yarn/lib/cli.js:321:13

npm manifest: 
  

yarn manifest: 
  No manifest

Lockfile: 
  # THIS IS AN AUTOGENERATED FILE. DO NOT EDIT THIS FILE DIRECTLY.
  # yarn lockfile v1
